{"data":{"ticker":"A","buyer_uid":"z33nqAalRAMIxNc9WA6IofKPqxa2","seller_uid":"SIMULATED","side":0,"price":100,"quantity":333},"timestamp":"2023-11-23 15:54:13.900"}
{"data":{"ticker":"B","buyer_uid":"z33nqAalRAMIxNc9WA6IofKPqxa2","seller_uid":"SIMULATED","side":0,"price":100,"quantity":333},"timestamp":"2023-11-23 15:54:13.902"}
{"data":{"ticker":"C","buyer_uid":"z33nqAalRAMIxNc9WA6IofKPqxa2","seller_uid":"SIMULATED","side":0,"price":100,"quantity":333},"timestamp":"2023-11-23 15:54:13.902"}
{"data":{"ticker":"A","buyer_uid":"VmrGAAmJidOA6CiYm7w396IQWZz1","seller_uid":"SIMULATED","side":0,"price":100,"quantity":333},"timestamp":"2023-11-23 15:54:13.903"}
{"data":{"ticker":"B","buyer_uid":"VmrGAAmJidOA6CiYm7w396IQWZz1","seller_uid":"SIMULATED","side":0,"price":100,"quantity":333},"timestamp":"2023-11-23 15:54:13.903"}
{"data":{"ticker":"C","buyer_uid":"VmrGAAmJidOA6CiYm7w396IQWZz1","seller_uid":"SIMULATED","side":0,"price":100,"quantity":333},"timestamp":"2023-11-23 15:54:13.903"}
{"data":{"ticker":"A","buyer_uid":"z33nqAalRAMIxNc9WA6IofKPqxa2","seller_uid":"SIMULATED","side":0,"price":100,"quantity":333},"timestamp":"2023-11-23 15:57:48.124"}
{"data":{"ticker":"B","buyer_uid":"z33nqAalRAMIxNc9WA6IofKPqxa2","seller_uid":"SIMULATED","side":0,"price":100,"quantity":333},"timestamp":"2023-11-23 15:57:48.125"}
{"data":{"ticker":"C","buyer_uid":"z33nqAalRAMIxNc9WA6IofKPqxa2","seller_uid":"SIMULATED","side":0,"price":100,"quantity":333},"timestamp":"2023-11-23 15:57:48.126"}
{"data":{"ticker":"A","buyer_uid":"VmrGAAmJidOA6CiYm7w396IQWZz1","seller_uid":"SIMULATED","side":0,"price":100,"quantity":333},"timestamp":"2023-11-23 15:57:48.126"}
{"data":{"ticker":"B","buyer_uid":"VmrGAAmJidOA6CiYm7w396IQWZz1","seller_uid":"SIMULATED","side":0,"price":100,"quantity":333},"timestamp":"2023-11-23 15:57:48.126"}
{"data":{"ticker":"C","buyer_uid":"VmrGAAmJidOA6CiYm7w396IQWZz1","seller_uid":"SIMULATED","side":0,"price":100,"quantity":333},"timestamp":"2023-11-23 15:57:48.126"}
{"data":{"ticker":"A","buyer_uid":"VmrGAAmJidOA6CiYm7w396IQWZz1","seller_uid":"SIMULATED","side":0,"price":100,"quantity":333},"timestamp":"2023-11-23 15:59:05.745"}
{"data":{"ticker":"A","buyer_uid":"z33nqAalRAMIxNc9WA6IofKPqxa2","seller_uid":"SIMULATED","side":0,"price":100,"quantity":333},"timestamp":"2023-11-23 15:59:05.748"}
{"data":{"ticker":"B","buyer_uid":"z33nqAalRAMIxNc9WA6IofKPqxa2","seller_uid":"SIMULATED","side":0,"price":100,"quantity":333},"timestamp":"2023-11-23 15:59:05.748"}
{"data":{"ticker":"B","buyer_uid":"VmrGAAmJidOA6CiYm7w396IQWZz1","seller_uid":"SIMULATED","side":0,"price":100,"quantity":333},"timestamp":"2023-11-23 15:59:05.748"}
{"data":{"ticker":"C","buyer_uid":"z33nqAalRAMIxNc9WA6IofKPqxa2","seller_uid":"SIMULATED","side":0,"price":100,"quantity":333},"timestamp":"2023-11-23 15:59:05.749"}
{"data":{"ticker":"C","buyer_uid":"VmrGAAmJidOA6CiYm7w396IQWZz1","seller_uid":"SIMULATED","side":0,"price":100,"quantity":333},"timestamp":"2023-11-23 15:59:05.749"}
{"data":{"ticker":"A","buyer_uid":"VmrGAAmJidOA6CiYm7w396IQWZz1","seller_uid":"SIMULATED","side":0,"price":100,"quantity":333},"timestamp":"2023-11-23 16:01:58.833"}
{"data":{"ticker":"B","buyer_uid":"VmrGAAmJidOA6CiYm7w396IQWZz1","seller_uid":"SIMULATED","side":0,"price":100,"quantity":333},"timestamp":"2023-11-23 16:01:58.836"}
{"data":{"ticker":"C","buyer_uid":"VmrGAAmJidOA6CiYm7w396IQWZz1","seller_uid":"SIMULATED","side":0,"price":100,"quantity":333},"timestamp":"2023-11-23 16:01:58.836"}
{"data":{"ticker":"A","buyer_uid":"z33nqAalRAMIxNc9WA6IofKPqxa2","seller_uid":"SIMULATED","side":0,"price":100,"quantity":333},"timestamp":"2023-11-23 16:01:58.837"}
{"data":{"ticker":"B","buyer_uid":"z33nqAalRAMIxNc9WA6IofKPqxa2","seller_uid":"SIMULATED","side":0,"price":100,"quantity":333},"timestamp":"2023-11-23 16:01:58.837"}
{"data":{"ticker":"C","buyer_uid":"z33nqAalRAMIxNc9WA6IofKPqxa2","seller_uid":"SIMULATED","side":0,"price":100,"quantity":333},"timestamp":"2023-11-23 16:01:58.837"}
{"data":{"ticker":"A","buyer_uid":"z33nqAalRAMIxNc9WA6IofKPqxa2","seller_uid":"SIMULATED","side":0,"price":100,"quantity":333},"timestamp":"2023-11-23 16:04:16.105"}
{"data":{"ticker":"B","buyer_uid":"z33nqAalRAMIxNc9WA6IofKPqxa2","seller_uid":"SIMULATED","side":0,"price":100,"quantity":333},"timestamp":"2023-11-23 16:04:16.113"}
{"data":{"ticker":"C","buyer_uid":"z33nqAalRAMIxNc9WA6IofKPqxa2","seller_uid":"SIMULATED","side":0,"price":100,"quantity":333},"timestamp":"2023-11-23 16:04:16.113"}
{"data":{"ticker":"A","buyer_uid":"VmrGAAmJidOA6CiYm7w396IQWZz1","seller_uid":"SIMULATED","side":0,"price":100,"quantity":333},"timestamp":"2023-11-23 16:04:16.114"}
{"data":{"ticker":"B","buyer_uid":"VmrGAAmJidOA6CiYm7w396IQWZz1","seller_uid":"SIMULATED","side":0,"price":100,"quantity":333},"timestamp":"2023-11-23 16:04:16.114"}
{"data":{"ticker":"C","buyer_uid":"VmrGAAmJidOA6CiYm7w396IQWZz1","seller_uid":"SIMULATED","side":0,"price":100,"quantity":333},"timestamp":"2023-11-23 16:04:16.114"}
{"data":{"ticker":"A","buyer_uid":"VmrGAAmJidOA6CiYm7w396IQWZz1","seller_uid":"SIMULATED","side":0,"price":100,"quantity":333},"timestamp":"2023-11-23 16:05:41.544"}
{"data":{"ticker":"B","buyer_uid":"VmrGAAmJidOA6CiYm7w396IQWZz1","seller_uid":"SIMULATED","side":0,"price":100,"quantity":333},"timestamp":"2023-11-23 16:05:41.548"}
{"data":{"ticker":"C","buyer_uid":"VmrGAAmJidOA6CiYm7w396IQWZz1","seller_uid":"SIMULATED","side":0,"price":100,"quantity":333},"timestamp":"2023-11-23 16:05:41.549"}
{"data":{"ticker":"A","buyer_uid":"z33nqAalRAMIxNc9WA6IofKPqxa2","seller_uid":"SIMULATED","side":0,"price":100,"quantity":333},"timestamp":"2023-11-23 16:05:41.550"}
{"data":{"ticker":"B","buyer_uid":"z33nqAalRAMIxNc9WA6IofKPqxa2","seller_uid":"SIMULATED","side":0,"price":100,"quantity":333},"timestamp":"2023-11-23 16:05:41.550"}
{"data":{"ticker":"C","buyer_uid":"z33nqAalRAMIxNc9WA6IofKPqxa2","seller_uid":"SIMULATED","side":0,"price":100,"quantity":333},"timestamp":"2023-11-23 16:05:41.550"}
{"data":{"ticker":"A","buyer_uid":"VmrGAAmJidOA6CiYm7w396IQWZz1","seller_uid":"SIMULATED","side":0,"price":100,"quantity":333},"timestamp":"2023-11-23 16:09:06.662"}
{"data":{"ticker":"B","buyer_uid":"VmrGAAmJidOA6CiYm7w396IQWZz1","seller_uid":"SIMULATED","side":0,"price":100,"quantity":333},"timestamp":"2023-11-23 16:09:06.664"}
{"data":{"ticker":"C","buyer_uid":"VmrGAAmJidOA6CiYm7w396IQWZz1","seller_uid":"SIMULATED","side":0,"price":100,"quantity":333},"timestamp":"2023-11-23 16:09:06.669"}
{"data":{"ticker":"A","buyer_uid":"z33nqAalRAMIxNc9WA6IofKPqxa2","seller_uid":"SIMULATED","side":0,"price":100,"quantity":333},"timestamp":"2023-11-23 16:09:06.669"}
{"data":{"ticker":"B","buyer_uid":"z33nqAalRAMIxNc9WA6IofKPqxa2","seller_uid":"SIMULATED","side":0,"price":100,"quantity":333},"timestamp":"2023-11-23 16:09:06.669"}
{"data":{"ticker":"C","buyer_uid":"z33nqAalRAMIxNc9WA6IofKPqxa2","seller_uid":"SIMULATED","side":0,"price":100,"quantity":333},"timestamp":"2023-11-23 16:09:06.669"}
{"data":{"ticker":"A","buyer_uid":"z33nqAalRAMIxNc9WA6IofKPqxa2","seller_uid":"SIMULATED","side":0,"price":100,"quantity":333},"timestamp":"2023-11-23 16:15:06.412"}
{"data":{"ticker":"A","buyer_uid":"VmrGAAmJidOA6CiYm7w396IQWZz1","seller_uid":"SIMULATED","side":0,"price":100,"quantity":333},"timestamp":"2023-11-23 16:15:06.414"}
{"data":{"ticker":"B","buyer_uid":"VmrGAAmJidOA6CiYm7w396IQWZz1","seller_uid":"SIMULATED","side":0,"price":100,"quantity":333},"timestamp":"2023-11-23 16:15:06.414"}
{"data":{"ticker":"B","buyer_uid":"z33nqAalRAMIxNc9WA6IofKPqxa2","seller_uid":"SIMULATED","side":0,"price":100,"quantity":333},"timestamp":"2023-11-23 16:15:06.414"}
{"data":{"ticker":"C","buyer_uid":"VmrGAAmJidOA6CiYm7w396IQWZz1","seller_uid":"SIMULATED","side":0,"price":100,"quantity":333},"timestamp":"2023-11-23 16:15:06.414"}
{"data":{"ticker":"C","buyer_uid":"z33nqAalRAMIxNc9WA6IofKPqxa2","seller_uid":"SIMULATED","side":0,"price":100,"quantity":333},"timestamp":"2023-11-23 16:15:06.415"}
{"data":{"ticker":"A","buyer_uid":"z33nqAalRAMIxNc9WA6IofKPqxa2","seller_uid":"SIMULATED","side":0,"price":100,"quantity":333},"timestamp":"2023-11-23 16:17:15.672"}
{"data":{"ticker":"A","buyer_uid":"VmrGAAmJidOA6CiYm7w396IQWZz1","seller_uid":"SIMULATED","side":0,"price":100,"quantity":333},"timestamp":"2023-11-23 16:17:15.686"}
{"data":{"ticker":"A","buyer_uid":"VmrGAAmJidOA6CiYm7w396IQWZz1","seller_uid":"SIMULATED","side":0,"price":100,"quantity":333},"timestamp":"2023-11-23 16:18:49.544"}
{"data":{"ticker":"A","buyer_uid":"z33nqAalRAMIxNc9WA6IofKPqxa2","seller_uid":"SIMULATED","side":0,"price":100,"quantity":333},"timestamp":"2023-11-23 16:18:49.547"}
{"data":{"ticker":"A","buyer_uid":"VmrGAAmJidOA6CiYm7w396IQWZz1","seller_uid":"SIMULATED","side":0,"price":100,"quantity":333},"timestamp":"2023-11-23 16:22:59.904"}
{"data":{"ticker":"B","buyer_uid":"VmrGAAmJidOA6CiYm7w396IQWZz1","seller_uid":"SIMULATED","side":0,"price":100,"quantity":333},"timestamp":"2023-11-23 16:22:59.906"}
{"data":{"ticker":"C","buyer_uid":"VmrGAAmJidOA6CiYm7w396IQWZz1","seller_uid":"SIMULATED","side":0,"price":100,"quantity":333},"timestamp":"2023-11-23 16:22:59.906"}
{"data":{"ticker":"A","buyer_uid":"z33nqAalRAMIxNc9WA6IofKPqxa2","seller_uid":"SIMULATED","side":0,"price":100,"quantity":333},"timestamp":"2023-11-23 16:22:59.906"}
{"data":{"ticker":"B","buyer_uid":"z33nqAalRAMIxNc9WA6IofKPqxa2","seller_uid":"SIMULATED","side":0,"price":100,"quantity":333},"timestamp":"2023-11-23 16:22:59.907"}
{"data":{"ticker":"C","buyer_uid":"z33nqAalRAMIxNc9WA6IofKPqxa2","seller_uid":"SIMULATED","side":0,"price":100,"quantity":333},"timestamp":"2023-11-23 16:22:59.907"}
{"data":{"client_uid":"algo_0","side":0,"ticker":"A","quantity":5,"price":5},"timestamp":"2023-11-23 16:25:49.233"}
{"data":{"security":"A","side":0,"price":5,"quantity":5},"timestamp":"2023-11-23 16:25:49.233"}
{"data":{"client_uid":"algo_0","side":1,"ticker":"A","quantity":5,"price":5},"timestamp":"2023-11-23 16:25:49.233"}
{"data":{"client_uid":"algo_0","side":0,"ticker":"A","quantity":1000,"price":101},"timestamp":"2023-11-23 16:30:00.255"}
{"data":{"client_uid":"algo_1","side":0,"ticker":"A","quantity":100,"price":100},"timestamp":"2023-11-23 16:30:00.255"}
{"data":{"ticker":"A","buyer_uid":"algo_1","seller_uid":"SIMULATED","side":0,"price":100,"quantity":100},"timestamp":"2023-11-23 16:30:00.255"}
{"data":{"ticker":"A","buyer_uid":"algo_1","seller_uid":"SIMULATED","side":0,"price":100,"quantity":100},"timestamp":"2023-11-23 16:30:00.255"}
{"data":{"security":"A","side":1,"price":100,"quantity":0},"timestamp":"2023-11-23 16:30:00.255"}
{"data":{"security":"A","side":1,"price":100,"quantity":900},"timestamp":"2023-11-23 16:30:00.255"}
